<?xml version="1.0" encoding="UTF-8"?>
<!-- Generated by org.testng.reporters.JUnitReportReporter -->
<testsuite skipped="0" hostname="Ashish" name="runner.TestRunner" tests="2" failures="0" timestamp="2023-01-25T14:25:13 IST" time="22.172" errors="0">
  <testcase name="runScenario" time="8.925" classname="runner.TestRunner"/>
  <system-out/>
  <testcase name="runScenario" time="13.247" classname="runner.TestRunner"/>
  <system-out/>
</testsuite> <!-- runner.TestRunner -->
