<?xml version="1.0" encoding="UTF-8"?>
<!-- Generated by org.testng.reporters.JUnitReportReporter -->
<testsuite skipped="0" hostname="Ashish" name="runner_Skip_Scenario.TestRunner" tests="4" failures="0" timestamp="2023-01-24T19:59:25 IST" time="228.443" errors="0">
  <testcase name="runScenario" time="119.503" classname="runner_Skip_Scenario.TestRunner"/>
  <system-out/>
  <testcase name="runScenario" time="74.233" classname="runner_Skip_Scenario.TestRunner"/>
  <system-out/>
  <testcase name="runScenario" time="19.574" classname="runner_Skip_Scenario.TestRunner"/>
  <system-out/>
  <testcase name="runScenario" time="15.133" classname="runner_Skip_Scenario.TestRunner"/>
  <system-out/>
</testsuite> <!-- runner_Skip_Scenario.TestRunner -->
