<?xml version="1.0" encoding="UTF-8"?>
<!-- Generated by org.testng.reporters.JUnitReportReporter -->
<testsuite skipped="0" hostname="Ashish" name="runner_Rerurn_FailedScenario.TestRunner" tests="1" failures="0" timestamp="2023-01-24T23:06:52 IST" time="39.796" errors="0">
  <testcase name="runScenario" time="39.796" classname="runner_Rerurn_FailedScenario.TestRunner"/>
  <system-out/>
</testsuite> <!-- runner_Rerurn_FailedScenario.TestRunner -->
